  Source.cpp
D:\khac\PASBIO\PASBIO\read.h(23,67): warning C4566: character represented by universal-character-name '\u252C' cannot be represented in the current code page (1252)
D:\khac\PASBIO\PASBIO\read.h(29,40): warning C4267: 'initializing': conversion from 'size_t' to 'int', possible loss of data
D:\khac\PASBIO\PASBIO\read.h(155,39): warning C4267: 'initializing': conversion from 'size_t' to 'int', possible loss of data
D:\khac\PASBIO\PASBIO\read.h(249,39): warning C4267: 'initializing': conversion from 'size_t' to 'int', possible loss of data
D:\khac\PASBIO\PASBIO\isolate.h(106,60): warning C4267: 'initializing': conversion from 'size_t' to 'int', possible loss of data
D:\khac\PASBIO\PASBIO\merge_2xml.h(17,48): warning C4267: 'initializing': conversion from 'size_t' to 'int', possible loss of data
D:\khac\PASBIO\PASBIO\check_arg.h(7,24): warning C4267: 'initializing': conversion from 'size_t' to 'int', possible loss of data
D:\khac\PASBIO\PASBIO\get_st.h(32,46): warning C4267: 'initializing': conversion from 'size_t' to 'int', possible loss of data
D:\khac\PASBIO\PASBIO\get_st.h(33,46): warning C4267: 'initializing': conversion from 'size_t' to 'int', possible loss of data
D:\khac\PASBIO\PASBIO\get_st.h(34,46): warning C4267: 'initializing': conversion from 'size_t' to 'int', possible loss of data
D:\khac\PASBIO\PASBIO\get_percent.h(20,49): warning C4267: 'initializing': conversion from 'size_t' to 'int', possible loss of data
D:\khac\PASBIO\PASBIO\get_percent.h(25,49): warning C4267: '=': conversion from 'size_t' to 'int', possible loss of data
D:\khac\PASBIO\PASBIO\xml_size.h(9,46): warning C4267: '+=': conversion from 'size_t' to 'int', possible loss of data
  Generating code
  45 of 1189 functions ( 3.8%) were compiled, the rest were copied from previous compilation.
    0 functions were new in current compilation
    68 functions had inline decision re-evaluated but remain unchanged
  Finished generating code
  PASBIO.vcxproj -> D:\khac\PASBIO\x64\Release\PASBIO.exe
